This file contains any messages produced by compilers while
running configure, to aid debugging if configure makes a mistake.

It was created by zeromq configure 2.1.11, which was
generated by GNU Autoconf 2.61.  Invocation command line was

  $ ./configure 

## --------- ##
## Platform. ##
## --------- ##

hostname = Lourenss-MacBook-Air.local
uname -m = x86_64
uname -r = 11.2.0
uname -s = Darwin
uname -v = Darwin Kernel Version 11.2.0: Tue Aug  9 20:54:00 PDT 2011; root:xnu-1699.24.8~1/RELEASE_X86_64

/usr/bin/uname -p = i386
/bin/uname -X     = unknown

/bin/arch              = unknown
/usr/bin/arch -k       = unknown
/usr/convex/getsysinfo = unknown
/usr/bin/hostinfo      = Mach kernel version:
	 Darwin Kernel Version 11.2.0: Tue Aug  9 20:54:00 PDT 2011; root:xnu-1699.24.8~1/RELEASE_X86_64
Kernel configured for up to 4 processors.
2 processors are physically available.
4 processors are logically available.
Processor type: i486 (Intel 80486)
Processors active: 0 1 2 3
Primary memory available: 4.00 gigabytes
Default processor set: 76 tasks, 375 threads, 4 processors
Load average: 1.52, Mach factor: 2.47
/bin/machine           = unknown
/usr/bin/oslevel       = unknown
/bin/universe          = unknown

PATH: /Users/lourens/.rvm/gems/ruby-1.8.7-p352/bin
PATH: /Users/lourens/.rvm/gems/ruby-1.8.7-p352@global/bin
PATH: /Users/lourens/.rvm/rubies/ruby-1.8.7-p352/bin
PATH: /Users/lourens/.rvm/bin
PATH: /usr/bin
PATH: /bin
PATH: /usr/sbin
PATH: /sbin
PATH: /usr/local/bin
PATH: /usr/X11/bin


## ----------- ##
## Core tests. ##
## ----------- ##

configure:1885: checking for a BSD-compatible install
configure:1941: result: /usr/bin/install -c
configure:1952: checking whether build environment is sane
configure:1995: result: yes
configure:2023: checking for a thread-safe mkdir -p
configure:2062: result: config/install-sh -c -d
configure:2075: checking for gawk
configure:2105: result: no
configure:2075: checking for mawk
configure:2105: result: no
configure:2075: checking for nawk
configure:2105: result: no
configure:2075: checking for awk
configure:2091: found /usr/bin/awk
configure:2102: result: awk
configure:2113: checking whether make sets $(MAKE)
configure:2134: result: yes
configure:2317: checking how to create a ustar tar archive
configure:2330: tar --version
bsdtar 2.8.3 - libarchive 2.8.3
configure:2333: $? = 0
configure:2373: tardir=conftest.dir && eval tar --format=ustar -chf - "$tardir" >conftest.tar
configure:2376: $? = 0
configure:2380: tar -xf - <conftest.tar
configure:2383: $? = 0
configure:2396: result: gnutar
configure:2477: checking for gcc
configure:2493: found /usr/bin/gcc
configure:2504: result: gcc
configure:2742: checking for C compiler version
configure:2749: gcc --version >&5
i686-apple-darwin11-llvm-gcc-4.2 (GCC) 4.2.1 (Based on Apple Inc. build 5658) (LLVM build 2335.15.00)
Copyright (C) 2007 Free Software Foundation, Inc.
This is free software; see the source for copying conditions.  There is NO
warranty; not even for MERCHANTABILITY or FITNESS FOR A PARTICULAR PURPOSE.

configure:2752: $? = 0
configure:2759: gcc -v >&5
Using built-in specs.
Target: i686-apple-darwin11
Configured with: /private/var/tmp/llvmgcc42/llvmgcc42-2335.15~25/src/configure --disable-checking --enable-werror --prefix=/Developer/usr/llvm-gcc-4.2 --mandir=/share/man --enable-languages=c,objc,c++,obj-c++ --program-prefix=llvm- --program-transform-name=/^[cg][^.-]*$/s/$/-4.2/ --with-slibdir=/usr/lib --build=i686-apple-darwin11 --enable-llvm=/private/var/tmp/llvmgcc42/llvmgcc42-2335.15~25/dst-llvmCore/Developer/usr/local --program-prefix=i686-apple-darwin11- --host=x86_64-apple-darwin11 --target=i686-apple-darwin11 --with-gxx-include-dir=/usr/include/c++/4.2.1
Thread model: posix
gcc version 4.2.1 (Based on Apple Inc. build 5658) (LLVM build 2335.15.00)
configure:2762: $? = 0
configure:2769: gcc -V >&5
llvm-gcc-4.2: argument to `-V' is missing
configure:2772: $? = 1
configure:2795: checking for C compiler default output file name
configure:2822: gcc    conftest.c  >&5
configure:2825: $? = 0
configure:2863: result: a.out
configure:2880: checking whether the C compiler works
configure:2890: ./a.out
configure:2893: $? = 0
configure:2910: result: yes
configure:2917: checking whether we are cross compiling
configure:2919: result: no
configure:2922: checking for suffix of executables
configure:2929: gcc -o conftest    conftest.c  >&5
configure:2932: $? = 0
configure:2956: result: 
configure:2962: checking for suffix of object files
configure:2988: gcc -c   conftest.c >&5
configure:2991: $? = 0
configure:3014: result: o
configure:3018: checking whether we are using the GNU C compiler
configure:3047: gcc -c   conftest.c >&5
configure:3053: $? = 0
configure:3070: result: yes
configure:3075: checking whether gcc accepts -g
configure:3105: gcc -c -g  conftest.c >&5
configure:3111: $? = 0
configure:3210: result: yes
configure:3227: checking for gcc option to accept ISO C89
configure:3301: gcc  -c -g -O2  conftest.c >&5
configure:3307: $? = 0
configure:3330: result: none needed
configure:3359: checking for style of include used by make
configure:3387: result: GNU
configure:3412: checking dependency style of gcc
configure:3503: result: gcc3
configure:3518: checking for gcc option to accept ISO C99
configure:3677: gcc  -c -g -O2  conftest.c >&5
conftest.c:60: error: expected ';', ',' or ')' before 'text'
conftest.c: In function 'main':
conftest.c:114: error: nested functions are disabled, use -fnested-functions to re-enable
conftest.c:114: error: expected '=', ',', ';', 'asm' or '__attribute__' before 'newvar'
conftest.c:114: error: 'newvar' undeclared (first use in this function)
conftest.c:114: error: (Each undeclared identifier is reported only once
conftest.c:114: error: for each function it appears in.)
conftest.c:124: error: 'for' loop initial declaration used outside C99 mode
configure:3683: $? = 1
configure: failed program was:
| /* confdefs.h.  */
| #define PACKAGE_NAME "zeromq"
| #define PACKAGE_TARNAME "zeromq"
| #define PACKAGE_VERSION "2.1.11"
| #define PACKAGE_STRING "zeromq 2.1.11"
| #define PACKAGE_BUGREPORT "zeromq-dev@lists.zeromq.org"
| #define PACKAGE "zeromq"
| #define VERSION "2.1.11"
| /* end confdefs.h.  */
| #include <stdarg.h>
| #include <stdbool.h>
| #include <stdlib.h>
| #include <wchar.h>
| #include <stdio.h>
| 
| // Check varargs macros.  These examples are taken from C99 6.10.3.5.
| #define debug(...) fprintf (stderr, __VA_ARGS__)
| #define showlist(...) puts (#__VA_ARGS__)
| #define report(test,...) ((test) ? puts (#test) : printf (__VA_ARGS__))
| static void
| test_varargs_macros (void)
| {
|   int x = 1234;
|   int y = 5678;
|   debug ("Flag");
|   debug ("X = %d\n", x);
|   showlist (The first, second, and third items.);
|   report (x>y, "x is %d but y is %d", x, y);
| }
| 
| // Check long long types.
| #define BIG64 18446744073709551615ull
| #define BIG32 4294967295ul
| #define BIG_OK (BIG64 / BIG32 == 4294967297ull && BIG64 % BIG32 == 0)
| #if !BIG_OK
|   your preprocessor is broken;
| #endif
| #if BIG_OK
| #else
|   your preprocessor is broken;
| #endif
| static long long int bignum = -9223372036854775807LL;
| static unsigned long long int ubignum = BIG64;
| 
| struct incomplete_array
| {
|   int datasize;
|   double data[];
| };
| 
| struct named_init {
|   int number;
|   const wchar_t *name;
|   double average;
| };
| 
| typedef const char *ccp;
| 
| static inline int
| test_restrict (ccp restrict text)
| {
|   // See if C++-style comments work.
|   // Iterate through items via the restricted pointer.
|   // Also check for declarations in for loops.
|   for (unsigned int i = 0; *(text+i) != '\0'; ++i)
|     continue;
|   return 0;
| }
| 
| // Check varargs and va_copy.
| static void
| test_varargs (const char *format, ...)
| {
|   va_list args;
|   va_start (args, format);
|   va_list args_copy;
|   va_copy (args_copy, args);
| 
|   const char *str;
|   int number;
|   float fnumber;
| 
|   while (*format)
|     {
|       switch (*format++)
| 	{
| 	case 's': // string
| 	  str = va_arg (args_copy, const char *);
| 	  break;
| 	case 'd': // int
| 	  number = va_arg (args_copy, int);
| 	  break;
| 	case 'f': // float
| 	  fnumber = va_arg (args_copy, double);
| 	  break;
| 	default:
| 	  break;
| 	}
|     }
|   va_end (args_copy);
|   va_end (args);
| }
| 
| int
| main ()
| {
| 
|   // Check bool.
|   _Bool success = false;
| 
|   // Check restrict.
|   if (test_restrict ("String literal") == 0)
|     success = true;
|   char *restrict newvar = "Another string";
| 
|   // Check varargs.
|   test_varargs ("s, d' f .", "string", 65, 34.234);
|   test_varargs_macros ();
| 
|   // Check flexible array members.
|   struct incomplete_array *ia =
|     malloc (sizeof (struct incomplete_array) + (sizeof (double) * 10));
|   ia->datasize = 10;
|   for (int i = 0; i < ia->datasize; ++i)
|     ia->data[i] = i * 1.234;
| 
|   // Check named initializers.
|   struct named_init ni = {
|     .number = 34,
|     .name = L"Test wide string",
|     .average = 543.34343,
|   };
| 
|   ni.number = 58;
| 
|   int dynamic_array[ni.number];
|   dynamic_array[ni.number - 1] = 543;
| 
|   // work around unused variable warnings
|   return (!success || bignum == 0LL || ubignum == 0uLL || newvar[0] == 'x'
| 	  || dynamic_array[ni.number - 1] != 543);
| 
|   ;
|   return 0;
| }
configure:3677: gcc -std=gnu99 -c -g -O2  conftest.c >&5
configure:3683: $? = 0
configure:3713: result: -std=gnu99
configure:3777: checking for g++
configure:3793: found /usr/bin/g++
configure:3804: result: g++
configure:3835: checking for C++ compiler version
configure:3842: g++ --version >&5
i686-apple-darwin11-llvm-g++-4.2 (GCC) 4.2.1 (Based on Apple Inc. build 5658) (LLVM build 2335.15.00)
Copyright (C) 2007 Free Software Foundation, Inc.
This is free software; see the source for copying conditions.  There is NO
warranty; not even for MERCHANTABILITY or FITNESS FOR A PARTICULAR PURPOSE.

configure:3845: $? = 0
configure:3852: g++ -v >&5
Using built-in specs.
Target: i686-apple-darwin11
Configured with: /private/var/tmp/llvmgcc42/llvmgcc42-2335.15~25/src/configure --disable-checking --enable-werror --prefix=/Developer/usr/llvm-gcc-4.2 --mandir=/share/man --enable-languages=c,objc,c++,obj-c++ --program-prefix=llvm- --program-transform-name=/^[cg][^.-]*$/s/$/-4.2/ --with-slibdir=/usr/lib --build=i686-apple-darwin11 --enable-llvm=/private/var/tmp/llvmgcc42/llvmgcc42-2335.15~25/dst-llvmCore/Developer/usr/local --program-prefix=i686-apple-darwin11- --host=x86_64-apple-darwin11 --target=i686-apple-darwin11 --with-gxx-include-dir=/usr/include/c++/4.2.1
Thread model: posix
gcc version 4.2.1 (Based on Apple Inc. build 5658) (LLVM build 2335.15.00)
configure:3855: $? = 0
configure:3862: g++ -V >&5
llvm-g++-4.2: argument to `-V' is missing
configure:3865: $? = 1
configure:3868: checking whether we are using the GNU C++ compiler
configure:3897: g++ -c   conftest.cpp >&5
configure:3903: $? = 0
configure:3920: result: yes
configure:3925: checking whether g++ accepts -g
configure:3955: g++ -c -g  conftest.cpp >&5
configure:3961: $? = 0
configure:4060: result: yes
configure:4085: checking dependency style of g++
configure:4176: result: gcc3
configure:4192: checking whether gcc -std=gnu99 and cc understand -c and -o together
configure:4227: gcc -std=gnu99 -c conftest.c -o conftest2.o >&5
configure:4230: $? = 0
configure:4236: gcc -std=gnu99 -c conftest.c -o conftest2.o >&5
configure:4239: $? = 0
configure:4250: cc -c conftest.c >&5
configure:4253: $? = 0
configure:4261: cc -c conftest.c -o conftest2.o >&5
configure:4264: $? = 0
configure:4270: cc -c conftest.c -o conftest2.o >&5
configure:4273: $? = 0
configure:4291: result: yes
configure:4317: checking for a sed that does not truncate output
configure:4396: result: /usr/bin/sed
configure:4405: checking for gawk
configure:4432: result: awk
configure:4447: checking for xmlto
configure:4480: result: no
configure:4488: checking for asciidoc
configure:4521: result: no
configure:4532: checking build system type
configure:4550: result: i386-apple-darwin11.2.0
configure:4572: checking host system type
configure:4587: result: i386-apple-darwin11.2.0
configure:5042: checking how to print strings
configure:5069: result: printf
configure:5090: checking for a sed that does not truncate output
configure:5169: result: /usr/bin/sed
configure:5187: checking for grep that handles long lines and -e
configure:5261: result: /usr/bin/grep
configure:5266: checking for egrep
configure:5344: result: /usr/bin/grep -E
configure:5349: checking for fgrep
configure:5427: result: /usr/bin/grep -F
configure:5462: checking for ld used by gcc -std=gnu99
configure:5529: result: /usr/llvm-gcc-4.2/libexec/gcc/i686-apple-darwin11/4.2.1/ld
configure:5538: checking if the linker (/usr/llvm-gcc-4.2/libexec/gcc/i686-apple-darwin11/4.2.1/ld) is GNU ld
configure:5553: result: no
configure:5565: checking for BSD- or MS-compatible name lister (nm)
configure:5614: result: /usr/bin/nm
configure:5748: checking the name lister (/usr/bin/nm) interface
configure:5755: gcc -std=gnu99 -c -g -O2  conftest.c >&5
configure:5758: /usr/bin/nm "conftest.o"
configure:5761: output
00000000000001a0 S _some_variable
configure:5768: result: BSD nm
configure:5771: checking whether ln -s works
configure:5775: result: yes
configure:5783: checking the maximum length of command line arguments
configure:5908: result: 196608
configure:5925: checking whether the shell understands some XSI constructs
configure:5935: result: yes
configure:5939: checking whether the shell understands "+="
configure:5945: result: yes
configure:5980: checking for /usr/llvm-gcc-4.2/libexec/gcc/i686-apple-darwin11/4.2.1/ld option to reload object files
configure:5987: result: -r
configure:6056: checking for objdump
configure:6083: result: objdump
configure:6116: checking how to recognize dependent libraries
configure:6318: result: pass_all
configure:6378: checking for ar
configure:6394: found /usr/bin/ar
configure:6405: result: ar
configure:6487: checking for strip
configure:6503: found /usr/bin/strip
configure:6514: result: strip
configure:6590: checking for ranlib
configure:6606: found /usr/bin/ranlib
configure:6617: result: ranlib
configure:6723: checking command to parse /usr/bin/nm output from gcc -std=gnu99 object
configure:6841: gcc -std=gnu99 -c -g -O2  conftest.c >&5
configure:6844: $? = 0
configure:6848: /usr/bin/nm conftest.o \| sed -n -e 's/^.*[ ]\([BCDEGRST][BCDEGRST]*\)[ ][ ]*\([_A-Za-z][_A-Za-z0-9]*\)$/\1 \2 \2/p' \> conftest.nm
configure:6851: $? = 0
cannot find nm_test_var in conftest.nm
configure:6841: gcc -std=gnu99 -c -g -O2  conftest.c >&5
configure:6844: $? = 0
configure:6848: /usr/bin/nm conftest.o \| sed -n -e 's/^.*[ ]\([BCDEGRST][BCDEGRST]*\)[ ][ ]*_\([_A-Za-z][_A-Za-z0-9]*\)$/\1 _\2 \2/p' \> conftest.nm
configure:6851: $? = 0
configure:6905: gcc -std=gnu99 -o conftest -g -O2   conftest.c conftstm.o >&5
configure:6908: $? = 0
configure:6946: result: ok
configure:7236: checking for dsymutil
configure:7252: found /usr/bin/dsymutil
configure:7263: result: dsymutil
configure:7332: checking for nmedit
configure:7348: found /usr/bin/nmedit
configure:7359: result: nmedit
configure:7428: checking for lipo
configure:7444: found /usr/bin/lipo
configure:7455: result: lipo
configure:7524: checking for otool
configure:7540: found /usr/bin/otool
configure:7551: result: otool
configure:7620: checking for otool64
configure:7650: result: no
configure:7699: checking for -single_module linker flag
gcc -std=gnu99 -g -O2  -o libconftest.dylib -dynamiclib -Wl,-single_module conftest.c
configure:7726: result: yes
configure:7728: checking for -exported_symbols_list linker flag
configure:7758: gcc -std=gnu99 -o conftest -g -O2   -Wl,-exported_symbols_list,conftest.sym conftest.c  >&5
configure:7764: $? = 0
configure:7783: result: yes
configure:7785: checking for -force_load linker flag
gcc -std=gnu99 -g -O2 -c -o conftest.o conftest.c
ar cru libconftest.a conftest.o
ranlib libconftest.a
gcc -std=gnu99 -g -O2  -o conftest conftest.c -Wl,-force_load,./libconftest.a
configure:7815: result: yes
configure:7857: checking how to run the C preprocessor
configure:7897: gcc -std=gnu99 -E  conftest.c
configure:7903: $? = 0
configure:7934: gcc -std=gnu99 -E  conftest.c
conftest.c:10:28: error: ac_nonexistent.h: No such file or directory
configure:7940: $? = 1
configure: failed program was:
| /* confdefs.h.  */
| #define PACKAGE_NAME "zeromq"
| #define PACKAGE_TARNAME "zeromq"
| #define PACKAGE_VERSION "2.1.11"
| #define PACKAGE_STRING "zeromq 2.1.11"
| #define PACKAGE_BUGREPORT "zeromq-dev@lists.zeromq.org"
| #define PACKAGE "zeromq"
| #define VERSION "2.1.11"
| /* end confdefs.h.  */
| #include <ac_nonexistent.h>
configure:7973: result: gcc -std=gnu99 -E
configure:8002: gcc -std=gnu99 -E  conftest.c
configure:8008: $? = 0
configure:8039: gcc -std=gnu99 -E  conftest.c
conftest.c:10:28: error: ac_nonexistent.h: No such file or directory
configure:8045: $? = 1
configure: failed program was:
| /* confdefs.h.  */
| #define PACKAGE_NAME "zeromq"
| #define PACKAGE_TARNAME "zeromq"
| #define PACKAGE_VERSION "2.1.11"
| #define PACKAGE_STRING "zeromq 2.1.11"
| #define PACKAGE_BUGREPORT "zeromq-dev@lists.zeromq.org"
| #define PACKAGE "zeromq"
| #define VERSION "2.1.11"
| /* end confdefs.h.  */
| #include <ac_nonexistent.h>
configure:8083: checking for ANSI C header files
configure:8113: gcc -std=gnu99 -c -g -O2  conftest.c >&5
configure:8119: $? = 0
configure:8218: gcc -std=gnu99 -o conftest -g -O2   conftest.c  >&5
configure:8221: $? = 0
configure:8227: ./conftest
configure:8230: $? = 0
configure:8247: result: yes
configure:8271: checking for sys/types.h
configure:8292: gcc -std=gnu99 -c -g -O2  conftest.c >&5
configure:8298: $? = 0
configure:8314: result: yes
configure:8271: checking for sys/stat.h
configure:8292: gcc -std=gnu99 -c -g -O2  conftest.c >&5
configure:8298: $? = 0
configure:8314: result: yes
configure:8271: checking for stdlib.h
configure:8292: gcc -std=gnu99 -c -g -O2  conftest.c >&5
configure:8298: $? = 0
configure:8314: result: yes
configure:8271: checking for string.h
configure:8292: gcc -std=gnu99 -c -g -O2  conftest.c >&5
configure:8298: $? = 0
configure:8314: result: yes
configure:8271: checking for memory.h
configure:8292: gcc -std=gnu99 -c -g -O2  conftest.c >&5
configure:8298: $? = 0
configure:8314: result: yes
configure:8271: checking for strings.h
configure:8292: gcc -std=gnu99 -c -g -O2  conftest.c >&5
configure:8298: $? = 0
configure:8314: result: yes
configure:8271: checking for inttypes.h
configure:8292: gcc -std=gnu99 -c -g -O2  conftest.c >&5
configure:8298: $? = 0
configure:8314: result: yes
configure:8271: checking for stdint.h
configure:8292: gcc -std=gnu99 -c -g -O2  conftest.c >&5
configure:8298: $? = 0
configure:8314: result: yes
configure:8271: checking for unistd.h
configure:8292: gcc -std=gnu99 -c -g -O2  conftest.c >&5
configure:8298: $? = 0
configure:8314: result: yes
configure:8330: checking for dlfcn.h
configure:8351: gcc -std=gnu99 -c -g -O2  conftest.c >&5
configure:8357: $? = 0
configure:8373: result: yes
configure:8529: checking for objdir
configure:8544: result: .libs
configure:8815: checking if gcc -std=gnu99 supports -fno-rtti -fno-exceptions
configure:8833: gcc -std=gnu99 -c -g -O2  -fno-rtti -fno-exceptions conftest.c >&5
cc1: warning: command line option "-fno-rtti" is valid for C++/ObjC++ but not for C
configure:8837: $? = 0
configure:8850: result: no
configure:8870: checking for gcc -std=gnu99 option to produce PIC
configure:9155: result: -fno-common -DPIC
configure:9167: checking if gcc -std=gnu99 PIC flag -fno-common -DPIC works
configure:9185: gcc -std=gnu99 -c -g -O2  -fno-common -DPIC -DPIC conftest.c >&5
configure:9189: $? = 0
configure:9202: result: yes
configure:9226: checking if gcc -std=gnu99 static flag -static works
configure:9254: result: no
configure:9269: checking if gcc -std=gnu99 supports -c -o file.o
configure:9290: gcc -std=gnu99 -c -g -O2  -o out/conftest2.o conftest.c >&5
configure:9294: $? = 0
configure:9316: result: yes
configure:9324: checking if gcc -std=gnu99 supports -c -o file.o
configure:9371: result: yes
configure:9404: checking whether the gcc -std=gnu99 linker (/usr/llvm-gcc-4.2/libexec/gcc/i686-apple-darwin11/4.2.1/ld) supports shared libraries
configure:10555: result: yes
configure:10800: checking dynamic linker characteristics
configure:11505: result: darwin11.2.0 dyld
configure:11612: checking how to hardcode library paths into programs
configure:11637: result: immediate
configure:12462: checking whether stripping libraries is possible
configure:12476: result: yes
configure:12502: checking if libtool supports shared libraries
configure:12504: result: yes
configure:12507: checking whether to build shared libraries
configure:12528: result: yes
configure:12531: checking whether to build static libraries
configure:12535: result: yes
configure:12558: checking how to run the C++ preprocessor
configure:12594: g++ -E  conftest.cpp
configure:12600: $? = 0
configure:12631: g++ -E  conftest.cpp
conftest.cpp:22:28: error: ac_nonexistent.h: No such file or directory
configure:12637: $? = 1
configure: failed program was:
| /* confdefs.h.  */
| #define PACKAGE_NAME "zeromq"
| #define PACKAGE_TARNAME "zeromq"
| #define PACKAGE_VERSION "2.1.11"
| #define PACKAGE_STRING "zeromq 2.1.11"
| #define PACKAGE_BUGREPORT "zeromq-dev@lists.zeromq.org"
| #define PACKAGE "zeromq"
| #define VERSION "2.1.11"
| #define STDC_HEADERS 1
| #define HAVE_SYS_TYPES_H 1
| #define HAVE_SYS_STAT_H 1
| #define HAVE_STDLIB_H 1
| #define HAVE_STRING_H 1
| #define HAVE_MEMORY_H 1
| #define HAVE_STRINGS_H 1
| #define HAVE_INTTYPES_H 1
| #define HAVE_STDINT_H 1
| #define HAVE_UNISTD_H 1
| #define HAVE_DLFCN_H 1
| #define LT_OBJDIR ".libs/"
| /* end confdefs.h.  */
| #include <ac_nonexistent.h>
configure:12670: result: g++ -E
configure:12699: g++ -E  conftest.cpp
configure:12705: $? = 0
configure:12736: g++ -E  conftest.cpp
conftest.cpp:22:28: error: ac_nonexistent.h: No such file or directory
configure:12742: $? = 1
configure: failed program was:
| /* confdefs.h.  */
| #define PACKAGE_NAME "zeromq"
| #define PACKAGE_TARNAME "zeromq"
| #define PACKAGE_VERSION "2.1.11"
| #define PACKAGE_STRING "zeromq 2.1.11"
| #define PACKAGE_BUGREPORT "zeromq-dev@lists.zeromq.org"
| #define PACKAGE "zeromq"
| #define VERSION "2.1.11"
| #define STDC_HEADERS 1
| #define HAVE_SYS_TYPES_H 1
| #define HAVE_SYS_STAT_H 1
| #define HAVE_STDLIB_H 1
| #define HAVE_STRING_H 1
| #define HAVE_MEMORY_H 1
| #define HAVE_STRINGS_H 1
| #define HAVE_INTTYPES_H 1
| #define HAVE_STDINT_H 1
| #define HAVE_UNISTD_H 1
| #define HAVE_DLFCN_H 1
| #define LT_OBJDIR ".libs/"
| /* end confdefs.h.  */
| #include <ac_nonexistent.h>
configure:12919: checking for ld used by g++
configure:12986: result: /usr/llvm-gcc-4.2/libexec/gcc/i686-apple-darwin11/4.2.1/ld
configure:12995: checking if the linker (/usr/llvm-gcc-4.2/libexec/gcc/i686-apple-darwin11/4.2.1/ld) is GNU ld
configure:13010: result: no
configure:13065: checking whether the g++ linker (/usr/llvm-gcc-4.2/libexec/gcc/i686-apple-darwin11/4.2.1/ld) supports shared libraries
configure:14051: result: yes
configure:14079: g++ -c -g -O2  conftest.cpp >&5
configure:14082: $? = 0
configure:14264: checking for g++ option to produce PIC
configure:14586: result: -fno-common -DPIC
configure:14595: checking if g++ PIC flag -fno-common -DPIC works
configure:14613: g++ -c -g -O2  -fno-common -DPIC -DPIC conftest.cpp >&5
configure:14617: $? = 0
configure:14630: result: yes
configure:14651: checking if g++ static flag -static works
configure:14679: result: no
configure:14691: checking if g++ supports -c -o file.o
configure:14712: g++ -c -g -O2  -o out/conftest2.o conftest.cpp >&5
configure:14716: $? = 0
configure:14738: result: yes
configure:14743: checking if g++ supports -c -o file.o
configure:14790: result: yes
configure:14820: checking whether the g++ linker (/usr/llvm-gcc-4.2/libexec/gcc/i686-apple-darwin11/4.2.1/ld) supports shared libraries
configure:14848: result: yes
configure:14991: checking dynamic linker characteristics
configure:15630: result: darwin11.2.0 dyld
configure:15683: checking how to hardcode library paths into programs
configure:15708: result: immediate
configure:15778: checking whether the C compiler works
configure:15804: gcc -std=gnu99 -o conftest -g -O2   conftest.c  >&5
configure:15810: $? = 0
configure:15828: result: yes
configure:15838: checking whether we are using Intel C compiler
configure:15867: gcc -std=gnu99 -c -g -O2  conftest.c >&5
conftest.c: In function 'main':
conftest.c:27: error: 'error' undeclared (first use in this function)
conftest.c:27: error: (Each undeclared identifier is reported only once
conftest.c:27: error: for each function it appears in.)
conftest.c:27: error: expected ';' before 'if'
configure:15873: $? = 1
configure: failed program was:
| /* confdefs.h.  */
| #define PACKAGE_NAME "zeromq"
| #define PACKAGE_TARNAME "zeromq"
| #define PACKAGE_VERSION "2.1.11"
| #define PACKAGE_STRING "zeromq 2.1.11"
| #define PACKAGE_BUGREPORT "zeromq-dev@lists.zeromq.org"
| #define PACKAGE "zeromq"
| #define VERSION "2.1.11"
| #define STDC_HEADERS 1
| #define HAVE_SYS_TYPES_H 1
| #define HAVE_SYS_STAT_H 1
| #define HAVE_STDLIB_H 1
| #define HAVE_STRING_H 1
| #define HAVE_MEMORY_H 1
| #define HAVE_STRINGS_H 1
| #define HAVE_INTTYPES_H 1
| #define HAVE_STDINT_H 1
| #define HAVE_UNISTD_H 1
| #define HAVE_DLFCN_H 1
| #define LT_OBJDIR ".libs/"
| /* end confdefs.h.  */
| 
| int
| main ()
| {
| #ifndef __INTEL_COMPILER
|        error if not ICC
| #endif
| 
|   ;
|   return 0;
| }
configure:15889: result: no
configure:15891: checking whether we are using Sun Studio C compiler
configure:15920: gcc -std=gnu99 -c -g -O2  conftest.c >&5
conftest.c: In function 'main':
conftest.c:27: error: 'error' undeclared (first use in this function)
conftest.c:27: error: (Each undeclared identifier is reported only once
conftest.c:27: error: for each function it appears in.)
conftest.c:27: error: expected ';' before 'if'
configure:15926: $? = 1
configure: failed program was:
| /* confdefs.h.  */
| #define PACKAGE_NAME "zeromq"
| #define PACKAGE_TARNAME "zeromq"
| #define PACKAGE_VERSION "2.1.11"
| #define PACKAGE_STRING "zeromq 2.1.11"
| #define PACKAGE_BUGREPORT "zeromq-dev@lists.zeromq.org"
| #define PACKAGE "zeromq"
| #define VERSION "2.1.11"
| #define STDC_HEADERS 1
| #define HAVE_SYS_TYPES_H 1
| #define HAVE_SYS_STAT_H 1
| #define HAVE_STDLIB_H 1
| #define HAVE_STRING_H 1
| #define HAVE_MEMORY_H 1
| #define HAVE_STRINGS_H 1
| #define HAVE_INTTYPES_H 1
| #define HAVE_STDINT_H 1
| #define HAVE_UNISTD_H 1
| #define HAVE_DLFCN_H 1
| #define LT_OBJDIR ".libs/"
| /* end confdefs.h.  */
| 
| int
| main ()
| {
| #if !defined(__SUNPRO_CC) && !defined(__SUNPRO_C)
|        error if not sun studio
| #endif
| 
|   ;
|   return 0;
| }
configure:15942: result: no
configure:15944: checking whether we are using clang C compiler
configure:15973: gcc -std=gnu99 -c -g -O2  conftest.c >&5
conftest.c: In function 'main':
conftest.c:27: error: 'error' undeclared (first use in this function)
conftest.c:27: error: (Each undeclared identifier is reported only once
conftest.c:27: error: for each function it appears in.)
conftest.c:27: error: expected ';' before 'if'
configure:15979: $? = 1
configure: failed program was:
| /* confdefs.h.  */
| #define PACKAGE_NAME "zeromq"
| #define PACKAGE_TARNAME "zeromq"
| #define PACKAGE_VERSION "2.1.11"
| #define PACKAGE_STRING "zeromq 2.1.11"
| #define PACKAGE_BUGREPORT "zeromq-dev@lists.zeromq.org"
| #define PACKAGE "zeromq"
| #define VERSION "2.1.11"
| #define STDC_HEADERS 1
| #define HAVE_SYS_TYPES_H 1
| #define HAVE_SYS_STAT_H 1
| #define HAVE_STDLIB_H 1
| #define HAVE_STRING_H 1
| #define HAVE_MEMORY_H 1
| #define HAVE_STRINGS_H 1
| #define HAVE_INTTYPES_H 1
| #define HAVE_STDINT_H 1
| #define HAVE_UNISTD_H 1
| #define HAVE_DLFCN_H 1
| #define LT_OBJDIR ".libs/"
| /* end confdefs.h.  */
| 
| int
| main ()
| {
| #ifndef __clang__
|        error if not clang
| #endif
| 
|   ;
|   return 0;
| }
configure:15995: result: no
configure:15997: checking whether we are using gcc >= 4 C compiler
configure:16026: gcc -std=gnu99 -c -g -O2  conftest.c >&5
configure:16032: $? = 0
configure:16048: result: yes
configure:16065: checking whether the C++ compiler works
configure:16091: g++ -o conftest -g -O2   conftest.cpp  >&5
configure:16097: $? = 0
configure:16115: result: yes
configure:16125: checking whether we are using Intel C++ compiler
configure:16154: g++ -c -g -O2  conftest.cpp >&5
conftest.cpp: In function 'int main()':
conftest.cpp:27: error: 'error' was not declared in this scope
conftest.cpp:27: error: expected `;' before 'if'
configure:16160: $? = 1
configure: failed program was:
| /* confdefs.h.  */
| #define PACKAGE_NAME "zeromq"
| #define PACKAGE_TARNAME "zeromq"
| #define PACKAGE_VERSION "2.1.11"
| #define PACKAGE_STRING "zeromq 2.1.11"
| #define PACKAGE_BUGREPORT "zeromq-dev@lists.zeromq.org"
| #define PACKAGE "zeromq"
| #define VERSION "2.1.11"
| #define STDC_HEADERS 1
| #define HAVE_SYS_TYPES_H 1
| #define HAVE_SYS_STAT_H 1
| #define HAVE_STDLIB_H 1
| #define HAVE_STRING_H 1
| #define HAVE_MEMORY_H 1
| #define HAVE_STRINGS_H 1
| #define HAVE_INTTYPES_H 1
| #define HAVE_STDINT_H 1
| #define HAVE_UNISTD_H 1
| #define HAVE_DLFCN_H 1
| #define LT_OBJDIR ".libs/"
| /* end confdefs.h.  */
| 
| int
| main ()
| {
| #ifndef __INTEL_COMPILER
|        error if not ICC
| #endif
| 
|   ;
|   return 0;
| }
configure:16176: result: no
configure:16178: checking whether we are using Sun Studio C++ compiler
configure:16207: g++ -c -g -O2  conftest.cpp >&5
conftest.cpp: In function 'int main()':
conftest.cpp:27: error: 'error' was not declared in this scope
conftest.cpp:27: error: expected `;' before 'if'
configure:16213: $? = 1
configure: failed program was:
| /* confdefs.h.  */
| #define PACKAGE_NAME "zeromq"
| #define PACKAGE_TARNAME "zeromq"
| #define PACKAGE_VERSION "2.1.11"
| #define PACKAGE_STRING "zeromq 2.1.11"
| #define PACKAGE_BUGREPORT "zeromq-dev@lists.zeromq.org"
| #define PACKAGE "zeromq"
| #define VERSION "2.1.11"
| #define STDC_HEADERS 1
| #define HAVE_SYS_TYPES_H 1
| #define HAVE_SYS_STAT_H 1
| #define HAVE_STDLIB_H 1
| #define HAVE_STRING_H 1
| #define HAVE_MEMORY_H 1
| #define HAVE_STRINGS_H 1
| #define HAVE_INTTYPES_H 1
| #define HAVE_STDINT_H 1
| #define HAVE_UNISTD_H 1
| #define HAVE_DLFCN_H 1
| #define LT_OBJDIR ".libs/"
| /* end confdefs.h.  */
| 
| int
| main ()
| {
| #if !defined(__SUNPRO_CC) && !defined(__SUNPRO_C)
|        error if not sun studio
| #endif
| 
|   ;
|   return 0;
| }
configure:16229: result: no
configure:16231: checking whether we are using clang C++ compiler
configure:16260: g++ -c -g -O2  conftest.cpp >&5
conftest.cpp: In function 'int main()':
conftest.cpp:27: error: 'error' was not declared in this scope
conftest.cpp:27: error: expected `;' before 'if'
configure:16266: $? = 1
configure: failed program was:
| /* confdefs.h.  */
| #define PACKAGE_NAME "zeromq"
| #define PACKAGE_TARNAME "zeromq"
| #define PACKAGE_VERSION "2.1.11"
| #define PACKAGE_STRING "zeromq 2.1.11"
| #define PACKAGE_BUGREPORT "zeromq-dev@lists.zeromq.org"
| #define PACKAGE "zeromq"
| #define VERSION "2.1.11"
| #define STDC_HEADERS 1
| #define HAVE_SYS_TYPES_H 1
| #define HAVE_SYS_STAT_H 1
| #define HAVE_STDLIB_H 1
| #define HAVE_STRING_H 1
| #define HAVE_MEMORY_H 1
| #define HAVE_STRINGS_H 1
| #define HAVE_INTTYPES_H 1
| #define HAVE_STDINT_H 1
| #define HAVE_UNISTD_H 1
| #define HAVE_DLFCN_H 1
| #define LT_OBJDIR ".libs/"
| /* end confdefs.h.  */
| 
| int
| main ()
| {
| #ifndef __clang__
|        error if not clang
| #endif
| 
|   ;
|   return 0;
| }
configure:16282: result: no
configure:16284: checking whether we are using gcc >= 4 C++ compiler
configure:16313: g++ -c -g -O2  conftest.cpp >&5
configure:16319: $? = 0
configure:16335: result: yes
configure:16369: checking whether to enable debugging information
configure:16407: result: no
configure:16424: checking whether to enable code coverage
configure:16457: result: no
configure:16465: checking for pthread_create in -lpthread
configure:16500: gcc -std=gnu99 -o conftest -g -O2   conftest.c -lpthread   >&5
configure:16506: $? = 0
configure:16524: result: yes
configure:16552: checking host system type
configure:16567: result: i386-apple-darwin11.2.0
configure:17141: checking whether C++ compiler supports -Wno-uninitialized
configure:17183: g++ -c -g -O2 -D_DARWIN_C_SOURCE -D_REENTRANT -D_THREAD_SAFE  -Wno-uninitialized conftest.cpp >&5
configure:17189: $? = 0
configure:17228: result: yes
configure:18431: checking whether C++ compiler supports -fvisibility=hidden
configure:18473: g++ -c -g -O2 -Wno-uninitialized -D_DARWIN_C_SOURCE -D_REENTRANT -D_THREAD_SAFE  -fvisibility=hidden conftest.cpp >&5
configure:18479: $? = 0
configure:18518: result: yes
configure:18630: checking whether C++ compiler supports dso visibility
configure:18634: result: yes
configure:18806: checking for asciidoc
configure:18834: result: no
configure:18844: checking for xmlto
configure:18872: result: no
configure:18885: WARNING: You are building an unreleased version of 0MQ and asciidoc or xmlto are not installed.
configure:18887: WARNING: Documentation will not be built and manual pages will not be installed.
configure:18898: checking whether to build documentation
configure:18900: result: no
configure:18903: checking whether to install manpages
configure:18905: result: no
configure:18927: checking for ANSI C header files
configure:19091: result: yes
configure:19127: checking errno.h usability
configure:19144: gcc -std=gnu99 -c -g -O2 -Wno-uninitialized -D_DARWIN_C_SOURCE -D_REENTRANT -D_THREAD_SAFE  conftest.c >&5
configure:19150: $? = 0
configure:19164: result: yes
configure:19168: checking errno.h presence
configure:19183: gcc -std=gnu99 -E -Wno-uninitialized -D_DARWIN_C_SOURCE -D_REENTRANT -D_THREAD_SAFE  conftest.c
configure:19189: $? = 0
configure:19203: result: yes
configure:19236: checking for errno.h
configure:19244: result: yes
configure:19127: checking arpa/inet.h usability
configure:19144: gcc -std=gnu99 -c -g -O2 -Wno-uninitialized -D_DARWIN_C_SOURCE -D_REENTRANT -D_THREAD_SAFE  conftest.c >&5
configure:19150: $? = 0
configure:19164: result: yes
configure:19168: checking arpa/inet.h presence
configure:19183: gcc -std=gnu99 -E -Wno-uninitialized -D_DARWIN_C_SOURCE -D_REENTRANT -D_THREAD_SAFE  conftest.c
configure:19189: $? = 0
configure:19203: result: yes
configure:19236: checking for arpa/inet.h
configure:19244: result: yes
configure:19127: checking netinet/tcp.h usability
configure:19144: gcc -std=gnu99 -c -g -O2 -Wno-uninitialized -D_DARWIN_C_SOURCE -D_REENTRANT -D_THREAD_SAFE  conftest.c >&5
configure:19150: $? = 0
configure:19164: result: yes
configure:19168: checking netinet/tcp.h presence
configure:19183: gcc -std=gnu99 -E -Wno-uninitialized -D_DARWIN_C_SOURCE -D_REENTRANT -D_THREAD_SAFE  conftest.c
configure:19189: $? = 0
configure:19203: result: yes
configure:19236: checking for netinet/tcp.h
configure:19244: result: yes
configure:19127: checking netinet/in.h usability
configure:19144: gcc -std=gnu99 -c -g -O2 -Wno-uninitialized -D_DARWIN_C_SOURCE -D_REENTRANT -D_THREAD_SAFE  conftest.c >&5
configure:19150: $? = 0
configure:19164: result: yes
configure:19168: checking netinet/in.h presence
configure:19183: gcc -std=gnu99 -E -Wno-uninitialized -D_DARWIN_C_SOURCE -D_REENTRANT -D_THREAD_SAFE  conftest.c
configure:19189: $? = 0
configure:19203: result: yes
configure:19236: checking for netinet/in.h
configure:19244: result: yes
configure:19127: checking stddef.h usability
configure:19144: gcc -std=gnu99 -c -g -O2 -Wno-uninitialized -D_DARWIN_C_SOURCE -D_REENTRANT -D_THREAD_SAFE  conftest.c >&5
configure:19150: $? = 0
configure:19164: result: yes
configure:19168: checking stddef.h presence
configure:19183: gcc -std=gnu99 -E -Wno-uninitialized -D_DARWIN_C_SOURCE -D_REENTRANT -D_THREAD_SAFE  conftest.c
configure:19189: $? = 0
configure:19203: result: yes
configure:19236: checking for stddef.h
configure:19244: result: yes
configure:19117: checking for stdlib.h
configure:19123: result: yes
configure:19117: checking for string.h
configure:19123: result: yes
configure:19127: checking sys/socket.h usability
configure:19144: gcc -std=gnu99 -c -g -O2 -Wno-uninitialized -D_DARWIN_C_SOURCE -D_REENTRANT -D_THREAD_SAFE  conftest.c >&5
configure:19150: $? = 0
configure:19164: result: yes
configure:19168: checking sys/socket.h presence
configure:19183: gcc -std=gnu99 -E -Wno-uninitialized -D_DARWIN_C_SOURCE -D_REENTRANT -D_THREAD_SAFE  conftest.c
configure:19189: $? = 0
configure:19203: result: yes
configure:19236: checking for sys/socket.h
configure:19244: result: yes
configure:19127: checking sys/time.h usability
configure:19144: gcc -std=gnu99 -c -g -O2 -Wno-uninitialized -D_DARWIN_C_SOURCE -D_REENTRANT -D_THREAD_SAFE  conftest.c >&5
configure:19150: $? = 0
configure:19164: result: yes
configure:19168: checking sys/time.h presence
configure:19183: gcc -std=gnu99 -E -Wno-uninitialized -D_DARWIN_C_SOURCE -D_REENTRANT -D_THREAD_SAFE  conftest.c
configure:19189: $? = 0
configure:19203: result: yes
configure:19236: checking for sys/time.h
configure:19244: result: yes
configure:19117: checking for unistd.h
configure:19123: result: yes
configure:19127: checking limits.h usability
configure:19144: gcc -std=gnu99 -c -g -O2 -Wno-uninitialized -D_DARWIN_C_SOURCE -D_REENTRANT -D_THREAD_SAFE  conftest.c >&5
configure:19150: $? = 0
configure:19164: result: yes
configure:19168: checking limits.h presence
configure:19183: gcc -std=gnu99 -E -Wno-uninitialized -D_DARWIN_C_SOURCE -D_REENTRANT -D_THREAD_SAFE  conftest.c
configure:19189: $? = 0
configure:19203: result: yes
configure:19236: checking for limits.h
configure:19244: result: yes
configure:19274: checking ifaddrs.h usability
configure:19291: gcc -std=gnu99 -c -g -O2 -Wno-uninitialized -D_DARWIN_C_SOURCE -D_REENTRANT -D_THREAD_SAFE  conftest.c >&5
configure:19297: $? = 0
configure:19311: result: yes
configure:19315: checking ifaddrs.h presence
configure:19330: gcc -std=gnu99 -E -Wno-uninitialized -D_DARWIN_C_SOURCE -D_REENTRANT -D_THREAD_SAFE  conftest.c
configure:19336: $? = 0
configure:19350: result: yes
configure:19383: checking for ifaddrs.h
configure:19391: result: yes
configure:19417: checking for stdbool.h that conforms to C99
configure:19510: g++ -c -g -O2 -Wno-uninitialized -D_DARWIN_C_SOURCE -D_REENTRANT -D_THREAD_SAFE  conftest.cpp >&5
configure:19516: $? = 0
configure:19531: result: yes
configure:19533: checking for _Bool
configure:19563: g++ -c -g -O2 -Wno-uninitialized -D_DARWIN_C_SOURCE -D_REENTRANT -D_THREAD_SAFE  conftest.cpp >&5
conftest.cpp:71: error: '_Bool' does not name a type
conftest.cpp: In function 'int main()':
conftest.cpp:75: error: 'ac__type_new_' was not declared in this scope
conftest.cpp:75: error: expected primary-expression before ')' token
conftest.cpp:75: error: expected `)' before numeric constant
conftest.cpp:77: error: 'ac__type_new_' was not declared in this scope
configure:19569: $? = 1
configure: failed program was:
| /* confdefs.h.  */
| #define PACKAGE_NAME "zeromq"
| #define PACKAGE_TARNAME "zeromq"
| #define PACKAGE_VERSION "2.1.11"
| #define PACKAGE_STRING "zeromq 2.1.11"
| #define PACKAGE_BUGREPORT "zeromq-dev@lists.zeromq.org"
| #define PACKAGE "zeromq"
| #define VERSION "2.1.11"
| #define STDC_HEADERS 1
| #define HAVE_SYS_TYPES_H 1
| #define HAVE_SYS_STAT_H 1
| #define HAVE_STDLIB_H 1
| #define HAVE_STRING_H 1
| #define HAVE_MEMORY_H 1
| #define HAVE_STRINGS_H 1
| #define HAVE_INTTYPES_H 1
| #define HAVE_STDINT_H 1
| #define HAVE_UNISTD_H 1
| #define HAVE_DLFCN_H 1
| #define LT_OBJDIR ".libs/"
| #define HAVE_LIBPTHREAD 1
| #define ZMQ_HAVE_OSX 1
| #define STDC_HEADERS 1
| #define HAVE_ERRNO_H 1
| #define HAVE_ARPA_INET_H 1
| #define HAVE_NETINET_TCP_H 1
| #define HAVE_NETINET_IN_H 1
| #define HAVE_STDDEF_H 1
| #define HAVE_STDLIB_H 1
| #define HAVE_STRING_H 1
| #define HAVE_SYS_SOCKET_H 1
| #define HAVE_SYS_TIME_H 1
| #define HAVE_UNISTD_H 1
| #define HAVE_LIMITS_H 1
| #define HAVE_IFADDRS_H 1
| #define ZMQ_HAVE_IFADDRS 1
| /* end confdefs.h.  */
| #include <stdio.h>
| #ifdef HAVE_SYS_TYPES_H
| # include <sys/types.h>
| #endif
| #ifdef HAVE_SYS_STAT_H
| # include <sys/stat.h>
| #endif
| #ifdef STDC_HEADERS
| # include <stdlib.h>
| # include <stddef.h>
| #else
| # ifdef HAVE_STDLIB_H
| #  include <stdlib.h>
| # endif
| #endif
| #ifdef HAVE_STRING_H
| # if !defined STDC_HEADERS && defined HAVE_MEMORY_H
| #  include <memory.h>
| # endif
| # include <string.h>
| #endif
| #ifdef HAVE_STRINGS_H
| # include <strings.h>
| #endif
| #ifdef HAVE_INTTYPES_H
| # include <inttypes.h>
| #endif
| #ifdef HAVE_STDINT_H
| # include <stdint.h>
| #endif
| #ifdef HAVE_UNISTD_H
| # include <unistd.h>
| #endif
| typedef _Bool ac__type_new_;
| int
| main ()
| {
| if ((ac__type_new_ *) 0)
|   return 0;
| if (sizeof (ac__type_new_))
|   return 0;
|   ;
|   return 0;
| }
configure:19584: result: no
configure:19603: checking for an ANSI C-conforming const
configure:19678: g++ -c -g -O2 -Wno-uninitialized -D_DARWIN_C_SOURCE -D_REENTRANT -D_THREAD_SAFE  conftest.cpp >&5
configure:19684: $? = 0
configure:19699: result: yes
configure:19709: checking for inline
configure:19735: g++ -c -g -O2 -Wno-uninitialized -D_DARWIN_C_SOURCE -D_REENTRANT -D_THREAD_SAFE  conftest.cpp >&5
configure:19741: $? = 0
configure:19759: result: inline
configure:19931: checking for size_t
configure:19961: g++ -c -g -O2 -Wno-uninitialized -D_DARWIN_C_SOURCE -D_REENTRANT -D_THREAD_SAFE  conftest.cpp >&5
configure:19967: $? = 0
configure:19982: result: yes
configure:19994: checking for ssize_t
configure:20024: g++ -c -g -O2 -Wno-uninitialized -D_DARWIN_C_SOURCE -D_REENTRANT -D_THREAD_SAFE  conftest.cpp >&5
configure:20030: $? = 0
configure:20045: result: yes
configure:20058: checking whether time.h and sys/time.h may both be included
configure:20088: g++ -c -g -O2 -Wno-uninitialized -D_DARWIN_C_SOURCE -D_REENTRANT -D_THREAD_SAFE  conftest.cpp >&5
configure:20094: $? = 0
configure:20109: result: yes
configure:20120: checking for uint32_t
configure:20151: g++ -c -g -O2 -Wno-uninitialized -D_DARWIN_C_SOURCE -D_REENTRANT -D_THREAD_SAFE  conftest.cpp >&5
configure:20157: $? = 0
configure:20178: result: yes
configure:20195: checking for working volatile
configure:20224: g++ -c -g -O2 -Wno-uninitialized -D_DARWIN_C_SOURCE -D_REENTRANT -D_THREAD_SAFE  conftest.cpp >&5
configure:20230: $? = 0
configure:20245: result: yes
configure:20591: checking how to enable additional warnings for C++ compiler
configure:20626: result: -Wall
configure:20752: checking return type of signal handlers
configure:20780: g++ -c -g -O2 -Wall -Wno-uninitialized -D_DARWIN_C_SOURCE -D_REENTRANT -D_THREAD_SAFE  conftest.cpp >&5
conftest.cpp: In function 'int main()':
conftest.cpp:46: error: void value not ignored as it ought to be
configure:20786: $? = 1
configure: failed program was:
| /* confdefs.h.  */
| #define PACKAGE_NAME "zeromq"
| #define PACKAGE_TARNAME "zeromq"
| #define PACKAGE_VERSION "2.1.11"
| #define PACKAGE_STRING "zeromq 2.1.11"
| #define PACKAGE_BUGREPORT "zeromq-dev@lists.zeromq.org"
| #define PACKAGE "zeromq"
| #define VERSION "2.1.11"
| #define STDC_HEADERS 1
| #define HAVE_SYS_TYPES_H 1
| #define HAVE_SYS_STAT_H 1
| #define HAVE_STDLIB_H 1
| #define HAVE_STRING_H 1
| #define HAVE_MEMORY_H 1
| #define HAVE_STRINGS_H 1
| #define HAVE_INTTYPES_H 1
| #define HAVE_STDINT_H 1
| #define HAVE_UNISTD_H 1
| #define HAVE_DLFCN_H 1
| #define LT_OBJDIR ".libs/"
| #define HAVE_LIBPTHREAD 1
| #define ZMQ_HAVE_OSX 1
| #define STDC_HEADERS 1
| #define HAVE_ERRNO_H 1
| #define HAVE_ARPA_INET_H 1
| #define HAVE_NETINET_TCP_H 1
| #define HAVE_NETINET_IN_H 1
| #define HAVE_STDDEF_H 1
| #define HAVE_STDLIB_H 1
| #define HAVE_STRING_H 1
| #define HAVE_SYS_SOCKET_H 1
| #define HAVE_SYS_TIME_H 1
| #define HAVE_UNISTD_H 1
| #define HAVE_LIMITS_H 1
| #define HAVE_IFADDRS_H 1
| #define ZMQ_HAVE_IFADDRS 1
| #define HAVE_STDBOOL_H 1
| #define TIME_WITH_SYS_TIME 1
| /* end confdefs.h.  */
| #include <sys/types.h>
| #include <signal.h>
| 
| int
| main ()
| {
| return *(signal (0, 0)) (0) == 1;
|   ;
|   return 0;
| }
configure:20801: result: void
configure:20818: checking for perror
configure:20874: g++ -o conftest -g -O2 -Wall -Wno-uninitialized -D_DARWIN_C_SOURCE -D_REENTRANT -D_THREAD_SAFE   conftest.cpp -lpthread  >&5
configure:20880: $? = 0
configure:20898: result: yes
configure:20818: checking for gettimeofday
configure:20874: g++ -o conftest -g -O2 -Wall -Wno-uninitialized -D_DARWIN_C_SOURCE -D_REENTRANT -D_THREAD_SAFE   conftest.cpp -lpthread  >&5
configure:20880: $? = 0
configure:20898: result: yes
configure:20818: checking for memset
configure:20874: g++ -o conftest -g -O2 -Wall -Wno-uninitialized -D_DARWIN_C_SOURCE -D_REENTRANT -D_THREAD_SAFE   conftest.cpp -lpthread  >&5
configure:20880: $? = 0
configure:20898: result: yes
configure:20818: checking for socket
configure:20874: g++ -o conftest -g -O2 -Wall -Wno-uninitialized -D_DARWIN_C_SOURCE -D_REENTRANT -D_THREAD_SAFE   conftest.cpp -lpthread  >&5
configure:20880: $? = 0
configure:20898: result: yes
configure:20818: checking for getifaddrs
configure:20874: g++ -o conftest -g -O2 -Wall -Wno-uninitialized -D_DARWIN_C_SOURCE -D_REENTRANT -D_THREAD_SAFE   conftest.cpp -lpthread  >&5
configure:20880: $? = 0
configure:20898: result: yes
configure:20818: checking for freeifaddrs
configure:20874: g++ -o conftest -g -O2 -Wall -Wno-uninitialized -D_DARWIN_C_SOURCE -D_REENTRANT -D_THREAD_SAFE   conftest.cpp -lpthread  >&5
configure:20880: $? = 0
configure:20898: result: yes
configure:20924: checking alloca.h usability
configure:20941: g++ -c -g -O2 -Wall -Wno-uninitialized -D_DARWIN_C_SOURCE -D_REENTRANT -D_THREAD_SAFE  conftest.cpp >&5
configure:20947: $? = 0
configure:20961: result: yes
configure:20965: checking alloca.h presence
configure:20980: g++ -E -Wall -Wno-uninitialized -D_DARWIN_C_SOURCE -D_REENTRANT -D_THREAD_SAFE  conftest.cpp
configure:20986: $? = 0
configure:21000: result: yes
configure:21033: checking for alloca.h
configure:21041: result: yes
configure:21055: checking whether SOCK_CLOEXEC is supported
configure:21085: g++ -o conftest -g -O2 -Wall -Wno-uninitialized -D_DARWIN_C_SOURCE -D_REENTRANT -D_THREAD_SAFE   conftest.cpp -lpthread  >&5
conftest.cpp: In function 'int main(int, char**)':
conftest.cpp:54: error: 'SOCK_CLOEXEC' was not declared in this scope
configure:21088: $? = 1
configure: program exited with status 1
configure: failed program was:
| /* confdefs.h.  */
| #define PACKAGE_NAME "zeromq"
| #define PACKAGE_TARNAME "zeromq"
| #define PACKAGE_VERSION "2.1.11"
| #define PACKAGE_STRING "zeromq 2.1.11"
| #define PACKAGE_BUGREPORT "zeromq-dev@lists.zeromq.org"
| #define PACKAGE "zeromq"
| #define VERSION "2.1.11"
| #define STDC_HEADERS 1
| #define HAVE_SYS_TYPES_H 1
| #define HAVE_SYS_STAT_H 1
| #define HAVE_STDLIB_H 1
| #define HAVE_STRING_H 1
| #define HAVE_MEMORY_H 1
| #define HAVE_STRINGS_H 1
| #define HAVE_INTTYPES_H 1
| #define HAVE_STDINT_H 1
| #define HAVE_UNISTD_H 1
| #define HAVE_DLFCN_H 1
| #define LT_OBJDIR ".libs/"
| #define HAVE_LIBPTHREAD 1
| #define ZMQ_HAVE_OSX 1
| #define STDC_HEADERS 1
| #define HAVE_ERRNO_H 1
| #define HAVE_ARPA_INET_H 1
| #define HAVE_NETINET_TCP_H 1
| #define HAVE_NETINET_IN_H 1
| #define HAVE_STDDEF_H 1
| #define HAVE_STDLIB_H 1
| #define HAVE_STRING_H 1
| #define HAVE_SYS_SOCKET_H 1
| #define HAVE_SYS_TIME_H 1
| #define HAVE_UNISTD_H 1
| #define HAVE_LIMITS_H 1
| #define HAVE_IFADDRS_H 1
| #define ZMQ_HAVE_IFADDRS 1
| #define HAVE_STDBOOL_H 1
| #define TIME_WITH_SYS_TIME 1
| #define RETSIGTYPE void
| #define HAVE_PERROR 1
| #define HAVE_GETTIMEOFDAY 1
| #define HAVE_MEMSET 1
| #define HAVE_SOCKET 1
| #define HAVE_GETIFADDRS 1
| #define HAVE_FREEIFADDRS 1
| #define HAVE_ALLOCA_H 1
| /* end confdefs.h.  */
| /* SOCK_CLOEXEC test */
| #include <sys/types.h>
| #include <sys/socket.h>
| 
| int main (int argc, char *argv [])
| {
|     int s = socket (PF_INET, SOCK_STREAM | SOCK_CLOEXEC, 0);
|     return (s == -1);
| }
| 
configure:21112: result: no
configure:21277: creating ./config.status

## ---------------------- ##
## Running config.status. ##
## ---------------------- ##

This file was extended by zeromq config.status 2.1.11, which was
generated by GNU Autoconf 2.61.  Invocation command line was

  CONFIG_FILES    = 
  CONFIG_HEADERS  = 
  CONFIG_LINKS    = 
  CONFIG_COMMANDS = 
  $ ./config.status 

on Lourenss-MacBook-Air.local

config.status:944: creating Makefile
config.status:944: creating src/Makefile
config.status:944: creating doc/Makefile
config.status:944: creating perf/Makefile
config.status:944: creating src/libzmq.pc
config.status:944: creating builds/msvc/Makefile
config.status:944: creating tests/Makefile
config.status:944: creating foreign/openpgm/Makefile
config.status:944: creating builds/redhat/zeromq.spec
config.status:944: creating src/platform.hpp
config.status:1244: executing depfiles commands
config.status:1244: executing libtool commands

## ---------------- ##
## Cache variables. ##
## ---------------- ##

ac_cv_build=i386-apple-darwin11.2.0
ac_cv_c_compiler_gnu=yes
ac_cv_c_const=yes
ac_cv_c_inline=inline
ac_cv_c_uint32_t=yes
ac_cv_c_volatile=yes
ac_cv_cxx_compiler_gnu=yes
ac_cv_env_ASCIIDOC_set=
ac_cv_env_ASCIIDOC_value=
ac_cv_env_CCC_set=
ac_cv_env_CCC_value=
ac_cv_env_CC_set=
ac_cv_env_CC_value=
ac_cv_env_CFLAGS_set=
ac_cv_env_CFLAGS_value=
ac_cv_env_CPPFLAGS_set=
ac_cv_env_CPPFLAGS_value=
ac_cv_env_CPP_set=
ac_cv_env_CPP_value=
ac_cv_env_CXXCPP_set=
ac_cv_env_CXXCPP_value=
ac_cv_env_CXXFLAGS_set=
ac_cv_env_CXXFLAGS_value=
ac_cv_env_CXX_set=
ac_cv_env_CXX_value=
ac_cv_env_LDFLAGS_set=
ac_cv_env_LDFLAGS_value=
ac_cv_env_LIBS_set=
ac_cv_env_LIBS_value=
ac_cv_env_XMLTO_set=
ac_cv_env_XMLTO_value=
ac_cv_env_build_alias_set=
ac_cv_env_build_alias_value=
ac_cv_env_host_alias_set=
ac_cv_env_host_alias_value=
ac_cv_env_target_alias_set=
ac_cv_env_target_alias_value=
ac_cv_func_freeifaddrs=yes
ac_cv_func_getifaddrs=yes
ac_cv_func_gettimeofday=yes
ac_cv_func_memset=yes
ac_cv_func_perror=yes
ac_cv_func_socket=yes
ac_cv_header_alloca_h=yes
ac_cv_header_arpa_inet_h=yes
ac_cv_header_dlfcn_h=yes
ac_cv_header_errno_h=yes
ac_cv_header_ifaddrs_h=yes
ac_cv_header_inttypes_h=yes
ac_cv_header_limits_h=yes
ac_cv_header_memory_h=yes
ac_cv_header_netinet_in_h=yes
ac_cv_header_netinet_tcp_h=yes
ac_cv_header_stdbool_h=yes
ac_cv_header_stdc=yes
ac_cv_header_stddef_h=yes
ac_cv_header_stdint_h=yes
ac_cv_header_stdlib_h=yes
ac_cv_header_string_h=yes
ac_cv_header_strings_h=yes
ac_cv_header_sys_socket_h=yes
ac_cv_header_sys_stat_h=yes
ac_cv_header_sys_time_h=yes
ac_cv_header_sys_types_h=yes
ac_cv_header_time=yes
ac_cv_header_unistd_h=yes
ac_cv_host=i386-apple-darwin11.2.0
ac_cv_lib_pthread_pthread_create=yes
ac_cv_objext=o
ac_cv_path_EGREP='/usr/bin/grep -E'
ac_cv_path_FGREP='/usr/bin/grep -F'
ac_cv_path_GREP=/usr/bin/grep
ac_cv_path_SED=/usr/bin/sed
ac_cv_path_install='/usr/bin/install -c'
ac_cv_prog_AWK=awk
ac_cv_prog_CPP='gcc -std=gnu99 -E'
ac_cv_prog_CXXCPP='g++ -E'
ac_cv_prog_ac_ct_AR=ar
ac_cv_prog_ac_ct_CC=gcc
ac_cv_prog_ac_ct_CXX=g++
ac_cv_prog_ac_ct_DSYMUTIL=dsymutil
ac_cv_prog_ac_ct_LIPO=lipo
ac_cv_prog_ac_ct_NMEDIT=nmedit
ac_cv_prog_ac_ct_OBJDUMP=objdump
ac_cv_prog_ac_ct_OTOOL=otool
ac_cv_prog_ac_ct_RANLIB=ranlib
ac_cv_prog_ac_ct_STRIP=strip
ac_cv_prog_cc_c89=
ac_cv_prog_cc_c99=-std=gnu99
ac_cv_prog_cc_g=yes
ac_cv_prog_cc_gcc_c_o=yes
ac_cv_prog_cxx_g=yes
ac_cv_prog_libzmq_have_asciidoc=no
ac_cv_prog_libzmq_have_xmlto=no
ac_cv_prog_make_make_set=yes
ac_cv_type__Bool=no
ac_cv_type_signal=void
ac_cv_type_size_t=yes
ac_cv_type_ssize_t=yes
am_cv_CC_dependencies_compiler_type=gcc3
am_cv_CXX_dependencies_compiler_type=gcc3
am_cv_prog_tar_ustar=gnutar
libzmq_cv_c_clang_compiler=no
libzmq_cv_c_compiler_works=yes
libzmq_cv_c_gcc4_compiler=yes
libzmq_cv_c_intel_compiler=no
libzmq_cv_c_sun_studio_compiler=no
libzmq_cv_check_lang_flag_save_CPPFLAGS='-Wno-uninitialized -D_DARWIN_C_SOURCE -D_REENTRANT -D_THREAD_SAFE '
libzmq_cv_cxx_clang_compiler=no
libzmq_cv_cxx_compiler_works=yes
libzmq_cv_cxx_gcc4_compiler=yes
libzmq_cv_cxx_intel_compiler=no
libzmq_cv_cxx_sun_studio_compiler=no
libzmq_cv_cxx_supports_flag__Wno_uninitialized=yes
libzmq_cv_cxx_supports_flag__fvisibility_hidden=yes
libzmq_cv_cxx_visibility_flag=-fvisibility=hidden
libzmq_cv_cxx_wall_flag=-Wall
libzmq_cv_cxx_werror_flag_save=
libzmq_cv_sock_cloexec=no
lt_cv_apple_cc_single_mod=yes
lt_cv_deplibs_check_method=pass_all
lt_cv_file_magic_cmd='$MAGIC_CMD'
lt_cv_file_magic_test_file=
lt_cv_ld_exported_symbols_list=yes
lt_cv_ld_force_load=yes
lt_cv_ld_reload_flag=-r
lt_cv_nm_interface='BSD nm'
lt_cv_objdir=.libs
lt_cv_path_LD=/usr/llvm-gcc-4.2/libexec/gcc/i686-apple-darwin11/4.2.1/ld
lt_cv_path_LDCXX=/usr/llvm-gcc-4.2/libexec/gcc/i686-apple-darwin11/4.2.1/ld
lt_cv_path_NM=/usr/bin/nm
lt_cv_prog_compiler_c_o=yes
lt_cv_prog_compiler_c_o_CXX=yes
lt_cv_prog_compiler_pic_works=yes
lt_cv_prog_compiler_pic_works_CXX=yes
lt_cv_prog_compiler_rtti_exceptions=no
lt_cv_prog_compiler_static_works=no
lt_cv_prog_compiler_static_works_CXX=no
lt_cv_prog_gnu_ld=no
lt_cv_prog_gnu_ldcxx=no
lt_cv_sys_global_symbol_pipe='sed -n -e '\''s/^.*[	 ]\([BCDEGRST][BCDEGRST]*\)[	 ][	 ]*_\([_A-Za-z][_A-Za-z0-9]*\)$/\1 _\2 \2/p'\'''
lt_cv_sys_global_symbol_to_c_name_address='sed -n -e '\''s/^: \([^ ]*\) $/  {\"\1\", (void *) 0},/p'\'' -e '\''s/^[BCDEGRST]* \([^ ]*\) \([^ ]*\)$/  {"\2", (void *) \&\2},/p'\'''
lt_cv_sys_global_symbol_to_c_name_address_lib_prefix='sed -n -e '\''s/^: \([^ ]*\) $/  {\"\1\", (void *) 0},/p'\'' -e '\''s/^[BCDEGRST]* \([^ ]*\) \(lib[^ ]*\)$/  {"\2", (void *) \&\2},/p'\'' -e '\''s/^[BCDEGRST]* \([^ ]*\) \([^ ]*\)$/  {"lib\2", (void *) \&\2},/p'\'''
lt_cv_sys_global_symbol_to_cdecl='sed -n -e '\''s/^T .* \(.*\)$/extern int \1();/p'\'' -e '\''s/^[BCDEGRST]* .* \(.*\)$/extern char \1;/p'\'''
lt_cv_sys_max_cmd_len=196608

## ----------------- ##
## Output variables. ##
## ----------------- ##

ACLOCAL='${SHELL} /Users/lourens/projects/rbczmq/ext/zeromq/config/missing --run aclocal-1.10'
AMDEPBACKSLASH='\'
AMDEP_FALSE='#'
AMDEP_TRUE=''
AMTAR='${SHELL} /Users/lourens/projects/rbczmq/ext/zeromq/config/missing --run tar'
AR='ar'
AS='as'
ASCIIDOC=''
AUTOCONF='${SHELL} /Users/lourens/projects/rbczmq/ext/zeromq/config/missing --run autoconf'
AUTOHEADER='${SHELL} /Users/lourens/projects/rbczmq/ext/zeromq/config/missing --run autoheader'
AUTOMAKE='${SHELL} /Users/lourens/projects/rbczmq/ext/zeromq/config/missing --run automake-1.10'
AWK='awk'
BUILD_DOC_FALSE=''
BUILD_DOC_TRUE='#'
BUILD_PGM_FALSE=''
BUILD_PGM_TRUE='#'
CC='gcc -std=gnu99'
CCDEPMODE='depmode=gcc3'
CFLAGS='-g -O2'
CPP='gcc -std=gnu99 -E'
CPPFLAGS='-Wall -Wno-uninitialized -D_DARWIN_C_SOURCE -D_REENTRANT -D_THREAD_SAFE '
CXX='g++'
CXXCPP='g++ -E'
CXXDEPMODE='depmode=gcc3'
CXXFLAGS='-g -O2'
CYGPATH_W='echo'
DEFS='-DHAVE_CONFIG_H'
DEPDIR='.deps'
DLLTOOL='dlltool'
DSYMUTIL='dsymutil'
DUMPBIN=''
ECHO_C='ECHO_N=''
ECHO_T=''
EGREP='/usr/bin/grep -E'
EXEEXT=''
FGREP='/usr/bin/grep -F'
GREP='/usr/bin/grep'
INSTALL_DATA='${INSTALL} -m 644'
INSTALL_MAN_FALSE=''
INSTALL_MAN_TRUE='#'
INSTALL_PROGRAM='${INSTALL}'
INSTALL_SCRIPT='${INSTALL}'
INSTALL_STRIP_PROGRAM='$(install_sh) -c -s'
LD='/usr/llvm-gcc-4.2/libexec/gcc/i686-apple-darwin11/4.2.1/ld'
LDFLAGS=''
LIBOBJS=''
LIBS='-lpthread '
LIBTOOL='$(SHELL) $(top_builddir)/libtool'
LIBZMQ_EXTRA_CFLAGS=''
LIBZMQ_EXTRA_CXXFLAGS='-fvisibility=hidden '
LIBZMQ_EXTRA_LDFLAGS=''
LIPO='lipo'
LN_S='ln -s'
LTLIBOBJS=''
LTVER='1:0:0'
MAKEINFO='${SHELL} /Users/lourens/projects/rbczmq/ext/zeromq/config/missing --run makeinfo'
NM='/usr/bin/nm'
NMEDIT='nmedit'
OBJDUMP='objdump'
OBJEXT='o'
ON_MINGW_FALSE=''
ON_MINGW_TRUE='#'
OTOOL64=':'
OTOOL='otool'
PACKAGE='zeromq'
PACKAGE_BUGREPORT='zeromq-dev@lists.zeromq.org'
PACKAGE_NAME='zeromq'
PACKAGE_STRING='zeromq 2.1.11'
PACKAGE_TARNAME='zeromq'
PACKAGE_VERSION='2.1.11'
PATH_SEPARATOR=':'
RANLIB='ranlib'
SED='/usr/bin/sed'
SET_MAKE=''
SHELL='/bin/sh'
STRIP='strip'
VERSION='2.1.11'
XMLTO=''
ac_ct_CC='gcc'
ac_ct_CXX='g++'
ac_ct_DUMPBIN=''
am__fastdepCC_FALSE='#'
am__fastdepCC_TRUE=''
am__fastdepCXX_FALSE='#'
am__fastdepCXX_TRUE=''
am__include='include'
am__isrc=''
am__leading_dot='.'
am__quote=''
am__tar='tar --format=ustar -chf - "$$tardir"'
am__untar='tar -xf -'
bindir='${exec_prefix}/bin'
build='i386-apple-darwin11.2.0'
build_alias=''
build_cpu='i386'
build_os='darwin11.2.0'
build_vendor='apple'
datadir='${datarootdir}'
datarootdir='${prefix}/share'
docdir='${datarootdir}/doc/${PACKAGE_TARNAME}'
dvidir='${docdir}'
exec_prefix='${prefix}'
host='i386-apple-darwin11.2.0'
host_alias=''
host_cpu='i386'
host_os='darwin11.2.0'
host_vendor='apple'
htmldir='${docdir}'
includedir='${prefix}/include'
infodir='${datarootdir}/info'
install_sh='$(SHELL) /Users/lourens/projects/rbczmq/ext/zeromq/config/install-sh'
libdir='${exec_prefix}/lib'
libexecdir='${exec_prefix}/libexec'
libzmq_have_asciidoc='no'
libzmq_have_xmlto='no'
localedir='${datarootdir}/locale'
localstatedir='${prefix}/var'
mandir='${datarootdir}/man'
mkdir_p='$(top_builddir)/config/install-sh -c -d'
oldincludedir='/usr/include'
pdfdir='${docdir}'
pgm_basename='libpgm-5.1.118~dfsg'
pgm_srcdir=''
pgm_subdir=''
prefix='/usr/local'
program_transform_name='s,x,x,'
psdir='${docdir}'
sbindir='${exec_prefix}/sbin'
sharedstatedir='${prefix}/com'
subdirs=''
sysconfdir='${prefix}/etc'
target_alias=''

## ----------- ##
## confdefs.h. ##
## ----------- ##

#define PACKAGE_NAME "zeromq"
#define PACKAGE_TARNAME "zeromq"
#define PACKAGE_VERSION "2.1.11"
#define PACKAGE_STRING "zeromq 2.1.11"
#define PACKAGE_BUGREPORT "zeromq-dev@lists.zeromq.org"
#define PACKAGE "zeromq"
#define VERSION "2.1.11"
#define STDC_HEADERS 1
#define HAVE_SYS_TYPES_H 1
#define HAVE_SYS_STAT_H 1
#define HAVE_STDLIB_H 1
#define HAVE_STRING_H 1
#define HAVE_MEMORY_H 1
#define HAVE_STRINGS_H 1
#define HAVE_INTTYPES_H 1
#define HAVE_STDINT_H 1
#define HAVE_UNISTD_H 1
#define HAVE_DLFCN_H 1
#define LT_OBJDIR ".libs/"
#define HAVE_LIBPTHREAD 1
#define ZMQ_HAVE_OSX 1
#define STDC_HEADERS 1
#define HAVE_ERRNO_H 1
#define HAVE_ARPA_INET_H 1
#define HAVE_NETINET_TCP_H 1
#define HAVE_NETINET_IN_H 1
#define HAVE_STDDEF_H 1
#define HAVE_STDLIB_H 1
#define HAVE_STRING_H 1
#define HAVE_SYS_SOCKET_H 1
#define HAVE_SYS_TIME_H 1
#define HAVE_UNISTD_H 1
#define HAVE_LIMITS_H 1
#define HAVE_IFADDRS_H 1
#define ZMQ_HAVE_IFADDRS 1
#define HAVE_STDBOOL_H 1
#define TIME_WITH_SYS_TIME 1
#define RETSIGTYPE void
#define HAVE_PERROR 1
#define HAVE_GETTIMEOFDAY 1
#define HAVE_MEMSET 1
#define HAVE_SOCKET 1
#define HAVE_GETIFADDRS 1
#define HAVE_FREEIFADDRS 1
#define HAVE_ALLOCA_H 1

configure: exit 0
